<?xml version="1.0" encoding="UTF-8"?>
<!-- Generated by org.testng.reporters.JUnitReportReporter -->
<testsuite hostname="DESKTOP-AM4RQ03" failures="0" tests="1" name="scenario1.ExcelDataRead" time="0.719" errors="0" timestamp="2024-01-05T13:02:47 IST" skipped="0">
  <testcase classname="scenario1.ExcelDataRead" name="dataRead" time="0.719"/>
  <system-out/>
</testsuite> <!-- scenario1.ExcelDataRead -->
