<?xml version="1.0" encoding="UTF-8"?>
<!-- Generated by org.testng.reporters.JUnitReportReporter -->
<testsuite hostname="DESKTOP-AM4RQ03" failures="0" tests="4" name="com.Hrm.TestCases.AdminPageTest" time="7.045" errors="0" timestamp="2024-01-06T19:52:08 IST" skipped="0">
  <testcase classname="com.Hrm.TestCases.AdminPageTest" name="verifyDropDown" time="2.030"/>
  <system-out/>
  <testcase classname="com.Hrm.TestCases.AdminPageTest" name="verifySearchByUserName" time="1.661"/>
  <system-out/>
  <testcase classname="com.Hrm.TestCases.AdminPageTest" name="verifysearchByUserRole" time="1.740"/>
  <system-out/>
  <testcase classname="com.Hrm.TestCases.AdminPageTest" name="verifysearchByUserStatus" time="1.614"/>
  <system-out/>
</testsuite> <!-- com.Hrm.TestCases.AdminPageTest -->
