<?xml version="1.0" encoding="UTF-8"?>
<!-- Generated by org.testng.reporters.JUnitReportReporter -->
<testsuite hostname="DESKTOP-AM4RQ03" failures="0" tests="3" name="com.Hrm.TestCases.LoginPageTest" time="2.171" errors="0" timestamp="2024-01-06T13:15:52 IST" skipped="0">
  <testcase classname="com.Hrm.TestCases.LoginPageTest" name="verifyUrl" time="0.016"/>
  <system-out/>
  <testcase classname="com.Hrm.TestCases.LoginPageTest" name="verifyTitle" time="0.009"/>
  <system-out/>
  <testcase classname="com.Hrm.TestCases.LoginPageTest" name="verifyLogin" time="2.146"/>
  <system-out/>
</testsuite> <!-- com.Hrm.TestCases.LoginPageTest -->
